[2022-12-20 12:24:06] production.ERROR: SQLSTATE[HY000] [1045] Access denied for user 'forge'@'localhost' (using password: NO) {"exception":"[object] (Doctrine\\DBAL\\Driver\\PDO\\Exception(code: 1045): SQLSTATE[HY000] [1045] Access denied for user 'forge'@'localhost' (using password: NO) at C:\\xampp2\\htdocs\\IAP-School-Management--master\\vendor\\doctrine\\dbal\\lib\\Doctrine\\DBAL\\Driver\\PDO\\Exception.php:18)
[stacktrace]
#0 C:\\xampp2\\htdocs\\IAP-School-Management--master\\vendor\\doctrine\\dbal\\lib\\Doctrine\\DBAL\\Driver\\PDOConnection.php(44): Doctrine\\DBAL\\Driver\\PDO\\Exception::new(Object(PDOException))
#1 C:\\xampp2\\htdocs\\IAP-School-Management--master\\vendor\\laravel\\framework\\src\\Illuminate\\Database\\Connectors\\Connector.php(67): Doctrine\\DBAL\\Driver\\PDOConnection->__construct('mysql:host=127....', 'forge', '', Array)
#2 C:\\xampp2\\htdocs\\IAP-School-Management--master\\vendor\\laravel\\framework\\src\\Illuminate\\Database\\Connectors\\Connector.php(46): Illuminate\\Database\\Connectors\\Connector->createPdoConnection('mysql:host=127....', 'forge', '', Array)
#3 C:\\xampp2\\htdocs\\IAP-School-Management--master\\vendor\\laravel\\framework\\src\\Illuminate\\Database\\Connectors\\MySqlConnector.php(24): Illuminate\\Database\\Connectors\\Connector->createConnection('mysql:host=127....', Array, Array)
#4 C:\\xampp2\\htdocs\\IAP-School-Management--master\\vendor\\laravel\\framework\\src\\Illuminate\\Database\\Connectors\\ConnectionFactory.php(184): Illuminate\\Database\\Connectors\\MySqlConnector->connect(Array)
#5 [internal function]: Illuminate\\Database\\Connectors\\ConnectionFactory->Illuminate\\Database\\Connectors\\{closure}()
#6 C:\\xampp2\\htdocs\\IAP-School-Management--master\\vendor\\laravel\\framework\\src\\Illuminate\\Database\\Connection.php(1171): call_user_func(Object(Closure))
#7 C:\\xampp2\\htdocs\\IAP-School-Management--master\\vendor\\laravel\\framework\\src\\Illuminate\\Database\\Connection.php(1120): Illuminate\\Database\\Connection->getPdo()
#8 C:\\xampp2\\htdocs\\IAP-School-Management--master\\vendor\\larapack\\doctrine-support\\src\\DoctrineSupportServiceProvider.php(55): Illuminate\\Database\\Connection->getDoctrineConnection()
#9 C:\\xampp2\\htdocs\\IAP-School-Management--master\\vendor\\larapack\\doctrine-support\\src\\DoctrineSupportServiceProvider.php(35): Larapack\\DoctrineSupport\\DoctrineSupportServiceProvider->addDoctrineTypes(Object(Larapack\\DoctrineSupport\\Connections\\MySqlConnection))
#10 C:\\xampp2\\htdocs\\IAP-School-Management--master\\vendor\\laravel\\framework\\src\\Illuminate\\Database\\Connectors\\ConnectionFactory.php(266): Larapack\\DoctrineSupport\\DoctrineSupportServiceProvider->Larapack\\DoctrineSupport\\{closure}(Object(Larapack\\DoctrineSupport\\Connections\\MySqlConnection), 'forge', '', Array)
#11 C:\\xampp2\\htdocs\\IAP-School-Management--master\\vendor\\laravel\\framework\\src\\Illuminate\\Database\\Connectors\\ConnectionFactory.php(76): Illuminate\\Database\\Connectors\\ConnectionFactory->createConnection('mysql', Object(Closure), 'forge', '', Array)
#12 C:\\xampp2\\htdocs\\IAP-School-Management--master\\vendor\\laravel\\framework\\src\\Illuminate\\Database\\Connectors\\ConnectionFactory.php(50): Illuminate\\Database\\Connectors\\ConnectionFactory->createSingleConnection(Array)
#13 C:\\xampp2\\htdocs\\IAP-School-Management--master\\vendor\\laravel\\framework\\src\\Illuminate\\Database\\DatabaseManager.php(145): Illuminate\\Database\\Connectors\\ConnectionFactory->make(Array, 'mysql')
#14 C:\\xampp2\\htdocs\\IAP-School-Management--master\\vendor\\laravel\\framework\\src\\Illuminate\\Database\\DatabaseManager.php(100): Illuminate\\Database\\DatabaseManager->makeConnection('mysql')
#15 C:\\xampp2\\htdocs\\IAP-School-Management--master\\vendor\\laravel\\framework\\src\\Illuminate\\Session\\SessionManager.php(103): Illuminate\\Database\\DatabaseManager->connection('mysql')
#16 C:\\xampp2\\htdocs\\IAP-School-Management--master\\vendor\\laravel\\framework\\src\\Illuminate\\Session\\SessionManager.php(90): Illuminate\\Session\\SessionManager->getDatabaseConnection()
#17 C:\\xampp2\\htdocs\\IAP-School-Management--master\\vendor\\laravel\\framework\\src\\Illuminate\\Support\\Manager.php(105): Illuminate\\Session\\SessionManager->createDatabaseDriver()
#18 C:\\xampp2\\htdocs\\IAP-School-Management--master\\vendor\\laravel\\framework\\src\\Illuminate\\Support\\Manager.php(80): Illuminate\\Support\\Manager->createDriver('database')
#19 C:\\xampp2\\htdocs\\IAP-School-Management--master\\vendor\\laravel\\framework\\src\\Illuminate\\Session\\SessionServiceProvider.php(52): Illuminate\\Support\\Manager->driver()
#20 C:\\xampp2\\htdocs\\IAP-School-Management--master\\vendor\\laravel\\framework\\src\\Illuminate\\Container\\Container.php(871): Illuminate\\Session\\SessionServiceProvider->Illuminate\\Session\\{closure}(Object(Illuminate\\Foundation\\Application), Array)
#21 C:\\xampp2\\htdocs\\IAP-School-Management--master\\vendor\\laravel\\framework\\src\\Illuminate\\Container\\Container.php(756): Illuminate\\Container\\Container->build(Object(Closure))
#22 C:\\xampp2\\htdocs\\IAP-School-Management--master\\vendor\\laravel\\framework\\src\\Illuminate\\Foundation\\Application.php(860): Illuminate\\Container\\Container->resolve('session.store', Array, true)
#23 C:\\xampp2\\htdocs\\IAP-School-Management--master\\vendor\\laravel\\framework\\src\\Illuminate\\Container\\Container.php(692): Illuminate\\Foundation\\Application->resolve('session.store', Array)
#24 C:\\xampp2\\htdocs\\IAP-School-Management--master\\vendor\\laravel\\framework\\src\\Illuminate\\Foundation\\Application.php(845): Illuminate\\Container\\Container->make('session.store', Array)
#25 C:\\xampp2\\htdocs\\IAP-School-Management--master\\vendor\\laravel\\framework\\src\\Illuminate\\Container\\Container.php(1419): Illuminate\\Foundation\\Application->make('session.store')
#26 C:\\xampp2\\htdocs\\IAP-School-Management--master\\vendor\\laravel\\framework\\src\\Illuminate\\Auth\\AuthManager.php(126): Illuminate\\Container\\Container->offsetGet('session.store')
#27 C:\\xampp2\\htdocs\\IAP-School-Management--master\\vendor\\laravel\\framework\\src\\Illuminate\\Auth\\AuthManager.php(92): Illuminate\\Auth\\AuthManager->createSessionDriver('web', Array)
#28 C:\\xampp2\\htdocs\\IAP-School-Management--master\\vendor\\laravel\\framework\\src\\Illuminate\\Auth\\AuthManager.php(66): Illuminate\\Auth\\AuthManager->resolve('web')
#29 C:\\xampp2\\htdocs\\IAP-School-Management--master\\vendor\\laravel\\framework\\src\\Illuminate\\Support\\Facades\\Facade.php(338): Illuminate\\Auth\\AuthManager->guard('web')
#30 C:\\xampp2\\htdocs\\IAP-School-Management--master\\vendor\\tcg\\voyager\\src\\VoyagerServiceProvider.php(100): Illuminate\\Support\\Facades\\Facade::__callStatic('guard', Array)
#31 C:\\xampp2\\htdocs\\IAP-School-Management--master\\vendor\\laravel\\framework\\src\\Illuminate\\Container\\BoundMethod.php(36): TCG\\Voyager\\VoyagerServiceProvider->boot(Object(Illuminate\\Routing\\Router), Object(Illuminate\\Events\\Dispatcher))
#32 C:\\xampp2\\htdocs\\IAP-School-Management--master\\vendor\\laravel\\framework\\src\\Illuminate\\Container\\Util.php(41): Illuminate\\Container\\BoundMethod::Illuminate\\Container\\{closure}()
#33 C:\\xampp2\\htdocs\\IAP-School-Management--master\\vendor\\laravel\\framework\\src\\Illuminate\\Container\\BoundMethod.php(93): Illuminate\\Container\\Util::unwrapIfClosure(Object(Closure))
#34 C:\\xampp2\\htdocs\\IAP-School-Management--master\\vendor\\laravel\\framework\\src\\Illuminate\\Container\\BoundMethod.php(37): Illuminate\\Container\\BoundMethod::callBoundMethod(Object(Illuminate\\Foundation\\Application), Array, Object(Closure))
#35 C:\\xampp2\\htdocs\\IAP-School-Management--master\\vendor\\laravel\\framework\\src\\Illuminate\\Container\\Container.php(651): Illuminate\\Container\\BoundMethod::call(Object(Illuminate\\Foundation\\Application), Array, Array, NULL)
#36 C:\\xampp2\\htdocs\\IAP-School-Management--master\\vendor\\laravel\\framework\\src\\Illuminate\\Foundation\\Application.php(933): Illuminate\\Container\\Container->call(Array)
#37 C:\\xampp2\\htdocs\\IAP-School-Management--master\\vendor\\laravel\\framework\\src\\Illuminate\\Foundation\\Application.php(914): Illuminate\\Foundation\\Application->bootProvider(Object(TCG\\Voyager\\VoyagerServiceProvider))
#38 [internal function]: Illuminate\\Foundation\\Application->Illuminate\\Foundation\\{closure}(Object(TCG\\Voyager\\VoyagerServiceProvider), 30)
#39 C:\\xampp2\\htdocs\\IAP-School-Management--master\\vendor\\laravel\\framework\\src\\Illuminate\\Foundation\\Application.php(915): array_walk(Array, Object(Closure))
#40 C:\\xampp2\\htdocs\\IAP-School-Management--master\\vendor\\laravel\\framework\\src\\Illuminate\\Foundation\\Bootstrap\\BootProviders.php(17): Illuminate\\Foundation\\Application->boot()
#41 C:\\xampp2\\htdocs\\IAP-School-Management--master\\vendor\\laravel\\framework\\src\\Illuminate\\Foundation\\Application.php(242): Illuminate\\Foundation\\Bootstrap\\BootProviders->bootstrap(Object(Illuminate\\Foundation\\Application))
#42 C:\\xampp2\\htdocs\\IAP-School-Management--master\\vendor\\laravel\\framework\\src\\Illuminate\\Foundation\\Console\\Kernel.php(383): Illuminate\\Foundation\\Application->bootstrapWith(Array)
#43 C:\\xampp2\\htdocs\\IAP-School-Management--master\\vendor\\laravel\\framework\\src\\Illuminate\\Foundation\\Console\\Kernel.php(153): Illuminate\\Foundation\\Console\\Kernel->bootstrap()
#44 C:\\xampp2\\htdocs\\IAP-School-Management--master\\artisan(37): Illuminate\\Foundation\\Console\\Kernel->handle(Object(Symfony\\Component\\Console\\Input\\ArgvInput), Object(Symfony\\Component\\Console\\Output\\ConsoleOutput))
#45 {main}

[previous exception] [object] (PDOException(code: 1045): SQLSTATE[HY000] [1045] Access denied for user 'forge'@'localhost' (using password: NO) at C:\\xampp2\\htdocs\\IAP-School-Management--master\\vendor\\doctrine\\dbal\\lib\\Doctrine\\DBAL\\Driver\\PDOConnection.php:40)
[stacktrace]
#0 C:\\xampp2\\htdocs\\IAP-School-Management--master\\vendor\\doctrine\\dbal\\lib\\Doctrine\\DBAL\\Driver\\PDOConnection.php(40): PDO->__construct('mysql:host=127....', 'forge', '', Array)
#1 C:\\xampp2\\htdocs\\IAP-School-Management--master\\vendor\\laravel\\framework\\src\\Illuminate\\Database\\Connectors\\Connector.php(67): Doctrine\\DBAL\\Driver\\PDOConnection->__construct('mysql:host=127....', 'forge', '', Array)
#2 C:\\xampp2\\htdocs\\IAP-School-Management--master\\vendor\\laravel\\framework\\src\\Illuminate\\Database\\Connectors\\Connector.php(46): Illuminate\\Database\\Connectors\\Connector->createPdoConnection('mysql:host=127....', 'forge', '', Array)
#3 C:\\xampp2\\htdocs\\IAP-School-Management--master\\vendor\\laravel\\framework\\src\\Illuminate\\Database\\Connectors\\MySqlConnector.php(24): Illuminate\\Database\\Connectors\\Connector->createConnection('mysql:host=127....', Array, Array)
#4 C:\\xampp2\\htdocs\\IAP-School-Management--master\\vendor\\laravel\\framework\\src\\Illuminate\\Database\\Connectors\\ConnectionFactory.php(184): Illuminate\\Database\\Connectors\\MySqlConnector->connect(Array)
#5 [internal function]: Illuminate\\Database\\Connectors\\ConnectionFactory->Illuminate\\Database\\Connectors\\{closure}()
#6 C:\\xampp2\\htdocs\\IAP-School-Management--master\\vendor\\laravel\\framework\\src\\Illuminate\\Database\\Connection.php(1171): call_user_func(Object(Closure))
#7 C:\\xampp2\\htdocs\\IAP-School-Management--master\\vendor\\laravel\\framework\\src\\Illuminate\\Database\\Connection.php(1120): Illuminate\\Database\\Connection->getPdo()
#8 C:\\xampp2\\htdocs\\IAP-School-Management--master\\vendor\\larapack\\doctrine-support\\src\\DoctrineSupportServiceProvider.php(55): Illuminate\\Database\\Connection->getDoctrineConnection()
#9 C:\\xampp2\\htdocs\\IAP-School-Management--master\\vendor\\larapack\\doctrine-support\\src\\DoctrineSupportServiceProvider.php(35): Larapack\\DoctrineSupport\\DoctrineSupportServiceProvider->addDoctrineTypes(Object(Larapack\\DoctrineSupport\\Connections\\MySqlConnection))
#10 C:\\xampp2\\htdocs\\IAP-School-Management--master\\vendor\\laravel\\framework\\src\\Illuminate\\Database\\Connectors\\ConnectionFactory.php(266): Larapack\\DoctrineSupport\\DoctrineSupportServiceProvider->Larapack\\DoctrineSupport\\{closure}(Object(Larapack\\DoctrineSupport\\Connections\\MySqlConnection), 'forge', '', Array)
#11 C:\\xampp2\\htdocs\\IAP-School-Management--master\\vendor\\laravel\\framework\\src\\Illuminate\\Database\\Connectors\\ConnectionFactory.php(76): Illuminate\\Database\\Connectors\\ConnectionFactory->createConnection('mysql', Object(Closure), 'forge', '', Array)
#12 C:\\xampp2\\htdocs\\IAP-School-Management--master\\vendor\\laravel\\framework\\src\\Illuminate\\Database\\Connectors\\ConnectionFactory.php(50): Illuminate\\Database\\Connectors\\ConnectionFactory->createSingleConnection(Array)
#13 C:\\xampp2\\htdocs\\IAP-School-Management--master\\vendor\\laravel\\framework\\src\\Illuminate\\Database\\DatabaseManager.php(145): Illuminate\\Database\\Connectors\\ConnectionFactory->make(Array, 'mysql')
#14 C:\\xampp2\\htdocs\\IAP-School-Management--master\\vendor\\laravel\\framework\\src\\Illuminate\\Database\\DatabaseManager.php(100): Illuminate\\Database\\DatabaseManager->makeConnection('mysql')
#15 C:\\xampp2\\htdocs\\IAP-School-Management--master\\vendor\\laravel\\framework\\src\\Illuminate\\Session\\SessionManager.php(103): Illuminate\\Database\\DatabaseManager->connection('mysql')
#16 C:\\xampp2\\htdocs\\IAP-School-Management--master\\vendor\\laravel\\framework\\src\\Illuminate\\Session\\SessionManager.php(90): Illuminate\\Session\\SessionManager->getDatabaseConnection()
#17 C:\\xampp2\\htdocs\\IAP-School-Management--master\\vendor\\laravel\\framework\\src\\Illuminate\\Support\\Manager.php(105): Illuminate\\Session\\SessionManager->createDatabaseDriver()
#18 C:\\xampp2\\htdocs\\IAP-School-Management--master\\vendor\\laravel\\framework\\src\\Illuminate\\Support\\Manager.php(80): Illuminate\\Support\\Manager->createDriver('database')
#19 C:\\xampp2\\htdocs\\IAP-School-Management--master\\vendor\\laravel\\framework\\src\\Illuminate\\Session\\SessionServiceProvider.php(52): Illuminate\\Support\\Manager->driver()
#20 C:\\xampp2\\htdocs\\IAP-School-Management--master\\vendor\\laravel\\framework\\src\\Illuminate\\Container\\Container.php(871): Illuminate\\Session\\SessionServiceProvider->Illuminate\\Session\\{closure}(Object(Illuminate\\Foundation\\Application), Array)
#21 C:\\xampp2\\htdocs\\IAP-School-Management--master\\vendor\\laravel\\framework\\src\\Illuminate\\Container\\Container.php(756): Illuminate\\Container\\Container->build(Object(Closure))
#22 C:\\xampp2\\htdocs\\IAP-School-Management--master\\vendor\\laravel\\framework\\src\\Illuminate\\Foundation\\Application.php(860): Illuminate\\Container\\Container->resolve('session.store', Array, true)
#23 C:\\xampp2\\htdocs\\IAP-School-Management--master\\vendor\\laravel\\framework\\src\\Illuminate\\Container\\Container.php(692): Illuminate\\Foundation\\Application->resolve('session.store', Array)
#24 C:\\xampp2\\htdocs\\IAP-School-Management--master\\vendor\\laravel\\framework\\src\\Illuminate\\Foundation\\Application.php(845): Illuminate\\Container\\Container->make('session.store', Array)
#25 C:\\xampp2\\htdocs\\IAP-School-Management--master\\vendor\\laravel\\framework\\src\\Illuminate\\Container\\Container.php(1419): Illuminate\\Foundation\\Application->make('session.store')
#26 C:\\xampp2\\htdocs\\IAP-School-Management--master\\vendor\\laravel\\framework\\src\\Illuminate\\Auth\\AuthManager.php(126): Illuminate\\Container\\Container->offsetGet('session.store')
#27 C:\\xampp2\\htdocs\\IAP-School-Management--master\\vendor\\laravel\\framework\\src\\Illuminate\\Auth\\AuthManager.php(92): Illuminate\\Auth\\AuthManager->createSessionDriver('web', Array)
#28 C:\\xampp2\\htdocs\\IAP-School-Management--master\\vendor\\laravel\\framework\\src\\Illuminate\\Auth\\AuthManager.php(66): Illuminate\\Auth\\AuthManager->resolve('web')
#29 C:\\xampp2\\htdocs\\IAP-School-Management--master\\vendor\\laravel\\framework\\src\\Illuminate\\Support\\Facades\\Facade.php(338): Illuminate\\Auth\\AuthManager->guard('web')
#30 C:\\xampp2\\htdocs\\IAP-School-Management--master\\vendor\\tcg\\voyager\\src\\VoyagerServiceProvider.php(100): Illuminate\\Support\\Facades\\Facade::__callStatic('guard', Array)
#31 C:\\xampp2\\htdocs\\IAP-School-Management--master\\vendor\\laravel\\framework\\src\\Illuminate\\Container\\BoundMethod.php(36): TCG\\Voyager\\VoyagerServiceProvider->boot(Object(Illuminate\\Routing\\Router), Object(Illuminate\\Events\\Dispatcher))
#32 C:\\xampp2\\htdocs\\IAP-School-Management--master\\vendor\\laravel\\framework\\src\\Illuminate\\Container\\Util.php(41): Illuminate\\Container\\BoundMethod::Illuminate\\Container\\{closure}()
#33 C:\\xampp2\\htdocs\\IAP-School-Management--master\\vendor\\laravel\\framework\\src\\Illuminate\\Container\\BoundMethod.php(93): Illuminate\\Container\\Util::unwrapIfClosure(Object(Closure))
#34 C:\\xampp2\\htdocs\\IAP-School-Management--master\\vendor\\laravel\\framework\\src\\Illuminate\\Container\\BoundMethod.php(37): Illuminate\\Container\\BoundMethod::callBoundMethod(Object(Illuminate\\Foundation\\Application), Array, Object(Closure))
#35 C:\\xampp2\\htdocs\\IAP-School-Management--master\\vendor\\laravel\\framework\\src\\Illuminate\\Container\\Container.php(651): Illuminate\\Container\\BoundMethod::call(Object(Illuminate\\Foundation\\Application), Array, Array, NULL)
#36 C:\\xampp2\\htdocs\\IAP-School-Management--master\\vendor\\laravel\\framework\\src\\Illuminate\\Foundation\\Application.php(933): Illuminate\\Container\\Container->call(Array)
#37 C:\\xampp2\\htdocs\\IAP-School-Management--master\\vendor\\laravel\\framework\\src\\Illuminate\\Foundation\\Application.php(914): Illuminate\\Foundation\\Application->bootProvider(Object(TCG\\Voyager\\VoyagerServiceProvider))
#38 [internal function]: Illuminate\\Foundation\\Application->Illuminate\\Foundation\\{closure}(Object(TCG\\Voyager\\VoyagerServiceProvider), 30)
#39 C:\\xampp2\\htdocs\\IAP-School-Management--master\\vendor\\laravel\\framework\\src\\Illuminate\\Foundation\\Application.php(915): array_walk(Array, Object(Closure))
#40 C:\\xampp2\\htdocs\\IAP-School-Management--master\\vendor\\laravel\\framework\\src\\Illuminate\\Foundation\\Bootstrap\\BootProviders.php(17): Illuminate\\Foundation\\Application->boot()
#41 C:\\xampp2\\htdocs\\IAP-School-Management--master\\vendor\\laravel\\framework\\src\\Illuminate\\Foundation\\Application.php(242): Illuminate\\Foundation\\Bootstrap\\BootProviders->bootstrap(Object(Illuminate\\Foundation\\Application))
#42 C:\\xampp2\\htdocs\\IAP-School-Management--master\\vendor\\laravel\\framework\\src\\Illuminate\\Foundation\\Console\\Kernel.php(383): Illuminate\\Foundation\\Application->bootstrapWith(Array)
#43 C:\\xampp2\\htdocs\\IAP-School-Management--master\\vendor\\laravel\\framework\\src\\Illuminate\\Foundation\\Console\\Kernel.php(153): Illuminate\\Foundation\\Console\\Kernel->bootstrap()
#44 C:\\xampp2\\htdocs\\IAP-School-Management--master\\artisan(37): Illuminate\\Foundation\\Console\\Kernel->handle(Object(Symfony\\Component\\Console\\Input\\ArgvInput), Object(Symfony\\Component\\Console\\Output\\ConsoleOutput))
#45 {main}
"} 
[2022-12-21 22:18:09] local.ERROR: SQLSTATE[HY000] [2002] No connection could be made because the target machine actively refused it {"exception":"[object] (Doctrine\\DBAL\\Driver\\PDO\\Exception(code: 2002): SQLSTATE[HY000] [2002] No connection could be made because the target machine actively refused it at C:\\xampp\\xamppdld\\htdocs\\IAP-School-Management-\\vendor\\doctrine\\dbal\\lib\\Doctrine\\DBAL\\Driver\\PDO\\Exception.php:18)
[stacktrace]
#0 C:\\xampp\\xamppdld\\htdocs\\IAP-School-Management-\\vendor\\doctrine\\dbal\\lib\\Doctrine\\DBAL\\Driver\\PDOConnection.php(44): Doctrine\\DBAL\\Driver\\PDO\\Exception::new(Object(PDOException))
#1 C:\\xampp\\xamppdld\\htdocs\\IAP-School-Management-\\vendor\\laravel\\framework\\src\\Illuminate\\Database\\Connectors\\Connector.php(67): Doctrine\\DBAL\\Driver\\PDOConnection->__construct('mysql:host=loca...', 'root', '', Array)
#2 C:\\xampp\\xamppdld\\htdocs\\IAP-School-Management-\\vendor\\laravel\\framework\\src\\Illuminate\\Database\\Connectors\\Connector.php(46): Illuminate\\Database\\Connectors\\Connector->createPdoConnection('mysql:host=loca...', 'root', '', Array)
#3 C:\\xampp\\xamppdld\\htdocs\\IAP-School-Management-\\vendor\\laravel\\framework\\src\\Illuminate\\Database\\Connectors\\MySqlConnector.php(24): Illuminate\\Database\\Connectors\\Connector->createConnection('mysql:host=loca...', Array, Array)
#4 C:\\xampp\\xamppdld\\htdocs\\IAP-School-Management-\\vendor\\laravel\\framework\\src\\Illuminate\\Database\\Connectors\\ConnectionFactory.php(184): Illuminate\\Database\\Connectors\\MySqlConnector->connect(Array)
#5 [internal function]: Illuminate\\Database\\Connectors\\ConnectionFactory->Illuminate\\Database\\Connectors\\{closure}()
#6 C:\\xampp\\xamppdld\\htdocs\\IAP-School-Management-\\vendor\\laravel\\framework\\src\\Illuminate\\Database\\Connection.php(1171): call_user_func(Object(Closure))
#7 C:\\xampp\\xamppdld\\htdocs\\IAP-School-Management-\\vendor\\laravel\\framework\\src\\Illuminate\\Database\\Connection.php(1120): Illuminate\\Database\\Connection->getPdo()
#8 C:\\xampp\\xamppdld\\htdocs\\IAP-School-Management-\\vendor\\larapack\\doctrine-support\\src\\DoctrineSupportServiceProvider.php(55): Illuminate\\Database\\Connection->getDoctrineConnection()
#9 C:\\xampp\\xamppdld\\htdocs\\IAP-School-Management-\\vendor\\larapack\\doctrine-support\\src\\DoctrineSupportServiceProvider.php(35): Larapack\\DoctrineSupport\\DoctrineSupportServiceProvider->addDoctrineTypes(Object(Larapack\\DoctrineSupport\\Connections\\MySqlConnection))
#10 C:\\xampp\\xamppdld\\htdocs\\IAP-School-Management-\\vendor\\laravel\\framework\\src\\Illuminate\\Database\\Connectors\\ConnectionFactory.php(266): Larapack\\DoctrineSupport\\DoctrineSupportServiceProvider->Larapack\\DoctrineSupport\\{closure}(Object(Larapack\\DoctrineSupport\\Connections\\MySqlConnection), 'sms', '', Array)
#11 C:\\xampp\\xamppdld\\htdocs\\IAP-School-Management-\\vendor\\laravel\\framework\\src\\Illuminate\\Database\\Connectors\\ConnectionFactory.php(76): Illuminate\\Database\\Connectors\\ConnectionFactory->createConnection('mysql', Object(Closure), 'sms', '', Array)
#12 C:\\xampp\\xamppdld\\htdocs\\IAP-School-Management-\\vendor\\laravel\\framework\\src\\Illuminate\\Database\\Connectors\\ConnectionFactory.php(50): Illuminate\\Database\\Connectors\\ConnectionFactory->createSingleConnection(Array)
#13 C:\\xampp\\xamppdld\\htdocs\\IAP-School-Management-\\vendor\\laravel\\framework\\src\\Illuminate\\Database\\DatabaseManager.php(145): Illuminate\\Database\\Connectors\\ConnectionFactory->make(Array, 'mysql')
#14 C:\\xampp\\xamppdld\\htdocs\\IAP-School-Management-\\vendor\\laravel\\framework\\src\\Illuminate\\Database\\DatabaseManager.php(100): Illuminate\\Database\\DatabaseManager->makeConnection('mysql')
#15 C:\\xampp\\xamppdld\\htdocs\\IAP-School-Management-\\vendor\\laravel\\framework\\src\\Illuminate\\Session\\SessionManager.php(103): Illuminate\\Database\\DatabaseManager->connection('mysql')
#16 C:\\xampp\\xamppdld\\htdocs\\IAP-School-Management-\\vendor\\laravel\\framework\\src\\Illuminate\\Session\\SessionManager.php(90): Illuminate\\Session\\SessionManager->getDatabaseConnection()
#17 C:\\xampp\\xamppdld\\htdocs\\IAP-School-Management-\\vendor\\laravel\\framework\\src\\Illuminate\\Support\\Manager.php(105): Illuminate\\Session\\SessionManager->createDatabaseDriver()
#18 C:\\xampp\\xamppdld\\htdocs\\IAP-School-Management-\\vendor\\laravel\\framework\\src\\Illuminate\\Support\\Manager.php(80): Illuminate\\Support\\Manager->createDriver('database')
#19 C:\\xampp\\xamppdld\\htdocs\\IAP-School-Management-\\vendor\\laravel\\framework\\src\\Illuminate\\Session\\SessionServiceProvider.php(52): Illuminate\\Support\\Manager->driver()
#20 C:\\xampp\\xamppdld\\htdocs\\IAP-School-Management-\\vendor\\laravel\\framework\\src\\Illuminate\\Container\\Container.php(871): Illuminate\\Session\\SessionServiceProvider->Illuminate\\Session\\{closure}(Object(Illuminate\\Foundation\\Application), Array)
#21 C:\\xampp\\xamppdld\\htdocs\\IAP-School-Management-\\vendor\\laravel\\framework\\src\\Illuminate\\Container\\Container.php(756): Illuminate\\Container\\Container->build(Object(Closure))
#22 C:\\xampp\\xamppdld\\htdocs\\IAP-School-Management-\\vendor\\laravel\\framework\\src\\Illuminate\\Foundation\\Application.php(860): Illuminate\\Container\\Container->resolve('session.store', Array, true)
#23 C:\\xampp\\xamppdld\\htdocs\\IAP-School-Management-\\vendor\\laravel\\framework\\src\\Illuminate\\Container\\Container.php(692): Illuminate\\Foundation\\Application->resolve('session.store', Array)
#24 C:\\xampp\\xamppdld\\htdocs\\IAP-School-Management-\\vendor\\laravel\\framework\\src\\Illuminate\\Foundation\\Application.php(845): Illuminate\\Container\\Container->make('session.store', Array)
#25 C:\\xampp\\xamppdld\\htdocs\\IAP-School-Management-\\vendor\\laravel\\framework\\src\\Illuminate\\Container\\Container.php(1419): Illuminate\\Foundation\\Application->make('session.store')
#26 C:\\xampp\\xamppdld\\htdocs\\IAP-School-Management-\\vendor\\laravel\\framework\\src\\Illuminate\\Auth\\AuthManager.php(126): Illuminate\\Container\\Container->offsetGet('session.store')
#27 C:\\xampp\\xamppdld\\htdocs\\IAP-School-Management-\\vendor\\laravel\\framework\\src\\Illuminate\\Auth\\AuthManager.php(92): Illuminate\\Auth\\AuthManager->createSessionDriver('web', Array)
#28 C:\\xampp\\xamppdld\\htdocs\\IAP-School-Management-\\vendor\\laravel\\framework\\src\\Illuminate\\Auth\\AuthManager.php(66): Illuminate\\Auth\\AuthManager->resolve('web')
#29 C:\\xampp\\xamppdld\\htdocs\\IAP-School-Management-\\vendor\\laravel\\framework\\src\\Illuminate\\Support\\Facades\\Facade.php(338): Illuminate\\Auth\\AuthManager->guard('web')
#30 C:\\xampp\\xamppdld\\htdocs\\IAP-School-Management-\\vendor\\tcg\\voyager\\src\\VoyagerServiceProvider.php(100): Illuminate\\Support\\Facades\\Facade::__callStatic('guard', Array)
#31 C:\\xampp\\xamppdld\\htdocs\\IAP-School-Management-\\vendor\\laravel\\framework\\src\\Illuminate\\Container\\BoundMethod.php(36): TCG\\Voyager\\VoyagerServiceProvider->boot(Object(Illuminate\\Routing\\Router), Object(Illuminate\\Events\\Dispatcher))
#32 C:\\xampp\\xamppdld\\htdocs\\IAP-School-Management-\\vendor\\laravel\\framework\\src\\Illuminate\\Container\\Util.php(41): Illuminate\\Container\\BoundMethod::Illuminate\\Container\\{closure}()
#33 C:\\xampp\\xamppdld\\htdocs\\IAP-School-Management-\\vendor\\laravel\\framework\\src\\Illuminate\\Container\\BoundMethod.php(93): Illuminate\\Container\\Util::unwrapIfClosure(Object(Closure))
#34 C:\\xampp\\xamppdld\\htdocs\\IAP-School-Management-\\vendor\\laravel\\framework\\src\\Illuminate\\Container\\BoundMethod.php(37): Illuminate\\Container\\BoundMethod::callBoundMethod(Object(Illuminate\\Foundation\\Application), Array, Object(Closure))
#35 C:\\xampp\\xamppdld\\htdocs\\IAP-School-Management-\\vendor\\laravel\\framework\\src\\Illuminate\\Container\\Container.php(651): Illuminate\\Container\\BoundMethod::call(Object(Illuminate\\Foundation\\Application), Array, Array, NULL)
#36 C:\\xampp\\xamppdld\\htdocs\\IAP-School-Management-\\vendor\\laravel\\framework\\src\\Illuminate\\Foundation\\Application.php(933): Illuminate\\Container\\Container->call(Array)
#37 C:\\xampp\\xamppdld\\htdocs\\IAP-School-Management-\\vendor\\laravel\\framework\\src\\Illuminate\\Foundation\\Application.php(914): Illuminate\\Foundation\\Application->bootProvider(Object(TCG\\Voyager\\VoyagerServiceProvider))
#38 [internal function]: Illuminate\\Foundation\\Application->Illuminate\\Foundation\\{closure}(Object(TCG\\Voyager\\VoyagerServiceProvider), 30)
#39 C:\\xampp\\xamppdld\\htdocs\\IAP-School-Management-\\vendor\\laravel\\framework\\src\\Illuminate\\Foundation\\Application.php(915): array_walk(Array, Object(Closure))
#40 C:\\xampp\\xamppdld\\htdocs\\IAP-School-Management-\\vendor\\laravel\\framework\\src\\Illuminate\\Foundation\\Bootstrap\\BootProviders.php(17): Illuminate\\Foundation\\Application->boot()
#41 C:\\xampp\\xamppdld\\htdocs\\IAP-School-Management-\\vendor\\laravel\\framework\\src\\Illuminate\\Foundation\\Application.php(242): Illuminate\\Foundation\\Bootstrap\\BootProviders->bootstrap(Object(Illuminate\\Foundation\\Application))
#42 C:\\xampp\\xamppdld\\htdocs\\IAP-School-Management-\\vendor\\laravel\\framework\\src\\Illuminate\\Foundation\\Console\\Kernel.php(383): Illuminate\\Foundation\\Application->bootstrapWith(Array)
#43 C:\\xampp\\xamppdld\\htdocs\\IAP-School-Management-\\vendor\\laravel\\framework\\src\\Illuminate\\Foundation\\Console\\Kernel.php(153): Illuminate\\Foundation\\Console\\Kernel->bootstrap()
#44 C:\\xampp\\xamppdld\\htdocs\\IAP-School-Management-\\artisan(37): Illuminate\\Foundation\\Console\\Kernel->handle(Object(Symfony\\Component\\Console\\Input\\ArgvInput), Object(Symfony\\Component\\Console\\Output\\ConsoleOutput))
#45 {main}

[previous exception] [object] (PDOException(code: 2002): SQLSTATE[HY000] [2002] No connection could be made because the target machine actively refused it at C:\\xampp\\xamppdld\\htdocs\\IAP-School-Management-\\vendor\\doctrine\\dbal\\lib\\Doctrine\\DBAL\\Driver\\PDOConnection.php:40)
[stacktrace]
#0 C:\\xampp\\xamppdld\\htdocs\\IAP-School-Management-\\vendor\\doctrine\\dbal\\lib\\Doctrine\\DBAL\\Driver\\PDOConnection.php(40): PDO->__construct('mysql:host=loca...', 'root', '', Array)
#1 C:\\xampp\\xamppdld\\htdocs\\IAP-School-Management-\\vendor\\laravel\\framework\\src\\Illuminate\\Database\\Connectors\\Connector.php(67): Doctrine\\DBAL\\Driver\\PDOConnection->__construct('mysql:host=loca...', 'root', '', Array)
#2 C:\\xampp\\xamppdld\\htdocs\\IAP-School-Management-\\vendor\\laravel\\framework\\src\\Illuminate\\Database\\Connectors\\Connector.php(46): Illuminate\\Database\\Connectors\\Connector->createPdoConnection('mysql:host=loca...', 'root', '', Array)
#3 C:\\xampp\\xamppdld\\htdocs\\IAP-School-Management-\\vendor\\laravel\\framework\\src\\Illuminate\\Database\\Connectors\\MySqlConnector.php(24): Illuminate\\Database\\Connectors\\Connector->createConnection('mysql:host=loca...', Array, Array)
#4 C:\\xampp\\xamppdld\\htdocs\\IAP-School-Management-\\vendor\\laravel\\framework\\src\\Illuminate\\Database\\Connectors\\ConnectionFactory.php(184): Illuminate\\Database\\Connectors\\MySqlConnector->connect(Array)
#5 [internal function]: Illuminate\\Database\\Connectors\\ConnectionFactory->Illuminate\\Database\\Connectors\\{closure}()
#6 C:\\xampp\\xamppdld\\htdocs\\IAP-School-Management-\\vendor\\laravel\\framework\\src\\Illuminate\\Database\\Connection.php(1171): call_user_func(Object(Closure))
#7 C:\\xampp\\xamppdld\\htdocs\\IAP-School-Management-\\vendor\\laravel\\framework\\src\\Illuminate\\Database\\Connection.php(1120): Illuminate\\Database\\Connection->getPdo()
#8 C:\\xampp\\xamppdld\\htdocs\\IAP-School-Management-\\vendor\\larapack\\doctrine-support\\src\\DoctrineSupportServiceProvider.php(55): Illuminate\\Database\\Connection->getDoctrineConnection()
#9 C:\\xampp\\xamppdld\\htdocs\\IAP-School-Management-\\vendor\\larapack\\doctrine-support\\src\\DoctrineSupportServiceProvider.php(35): Larapack\\DoctrineSupport\\DoctrineSupportServiceProvider->addDoctrineTypes(Object(Larapack\\DoctrineSupport\\Connections\\MySqlConnection))
#10 C:\\xampp\\xamppdld\\htdocs\\IAP-School-Management-\\vendor\\laravel\\framework\\src\\Illuminate\\Database\\Connectors\\ConnectionFactory.php(266): Larapack\\DoctrineSupport\\DoctrineSupportServiceProvider->Larapack\\DoctrineSupport\\{closure}(Object(Larapack\\DoctrineSupport\\Connections\\MySqlConnection), 'sms', '', Array)
#11 C:\\xampp\\xamppdld\\htdocs\\IAP-School-Management-\\vendor\\laravel\\framework\\src\\Illuminate\\Database\\Connectors\\ConnectionFactory.php(76): Illuminate\\Database\\Connectors\\ConnectionFactory->createConnection('mysql', Object(Closure), 'sms', '', Array)
#12 C:\\xampp\\xamppdld\\htdocs\\IAP-School-Management-\\vendor\\laravel\\framework\\src\\Illuminate\\Database\\Connectors\\ConnectionFactory.php(50): Illuminate\\Database\\Connectors\\ConnectionFactory->createSingleConnection(Array)
#13 C:\\xampp\\xamppdld\\htdocs\\IAP-School-Management-\\vendor\\laravel\\framework\\src\\Illuminate\\Database\\DatabaseManager.php(145): Illuminate\\Database\\Connectors\\ConnectionFactory->make(Array, 'mysql')
#14 C:\\xampp\\xamppdld\\htdocs\\IAP-School-Management-\\vendor\\laravel\\framework\\src\\Illuminate\\Database\\DatabaseManager.php(100): Illuminate\\Database\\DatabaseManager->makeConnection('mysql')
#15 C:\\xampp\\xamppdld\\htdocs\\IAP-School-Management-\\vendor\\laravel\\framework\\src\\Illuminate\\Session\\SessionManager.php(103): Illuminate\\Database\\DatabaseManager->connection('mysql')
#16 C:\\xampp\\xamppdld\\htdocs\\IAP-School-Management-\\vendor\\laravel\\framework\\src\\Illuminate\\Session\\SessionManager.php(90): Illuminate\\Session\\SessionManager->getDatabaseConnection()
#17 C:\\xampp\\xamppdld\\htdocs\\IAP-School-Management-\\vendor\\laravel\\framework\\src\\Illuminate\\Support\\Manager.php(105): Illuminate\\Session\\SessionManager->createDatabaseDriver()
#18 C:\\xampp\\xamppdld\\htdocs\\IAP-School-Management-\\vendor\\laravel\\framework\\src\\Illuminate\\Support\\Manager.php(80): Illuminate\\Support\\Manager->createDriver('database')
#19 C:\\xampp\\xamppdld\\htdocs\\IAP-School-Management-\\vendor\\laravel\\framework\\src\\Illuminate\\Session\\SessionServiceProvider.php(52): Illuminate\\Support\\Manager->driver()
#20 C:\\xampp\\xamppdld\\htdocs\\IAP-School-Management-\\vendor\\laravel\\framework\\src\\Illuminate\\Container\\Container.php(871): Illuminate\\Session\\SessionServiceProvider->Illuminate\\Session\\{closure}(Object(Illuminate\\Foundation\\Application), Array)
#21 C:\\xampp\\xamppdld\\htdocs\\IAP-School-Management-\\vendor\\laravel\\framework\\src\\Illuminate\\Container\\Container.php(756): Illuminate\\Container\\Container->build(Object(Closure))
#22 C:\\xampp\\xamppdld\\htdocs\\IAP-School-Management-\\vendor\\laravel\\framework\\src\\Illuminate\\Foundation\\Application.php(860): Illuminate\\Container\\Container->resolve('session.store', Array, true)
#23 C:\\xampp\\xamppdld\\htdocs\\IAP-School-Management-\\vendor\\laravel\\framework\\src\\Illuminate\\Container\\Container.php(692): Illuminate\\Foundation\\Application->resolve('session.store', Array)
#24 C:\\xampp\\xamppdld\\htdocs\\IAP-School-Management-\\vendor\\laravel\\framework\\src\\Illuminate\\Foundation\\Application.php(845): Illuminate\\Container\\Container->make('session.store', Array)
#25 C:\\xampp\\xamppdld\\htdocs\\IAP-School-Management-\\vendor\\laravel\\framework\\src\\Illuminate\\Container\\Container.php(1419): Illuminate\\Foundation\\Application->make('session.store')
#26 C:\\xampp\\xamppdld\\htdocs\\IAP-School-Management-\\vendor\\laravel\\framework\\src\\Illuminate\\Auth\\AuthManager.php(126): Illuminate\\Container\\Container->offsetGet('session.store')
#27 C:\\xampp\\xamppdld\\htdocs\\IAP-School-Management-\\vendor\\laravel\\framework\\src\\Illuminate\\Auth\\AuthManager.php(92): Illuminate\\Auth\\AuthManager->createSessionDriver('web', Array)
#28 C:\\xampp\\xamppdld\\htdocs\\IAP-School-Management-\\vendor\\laravel\\framework\\src\\Illuminate\\Auth\\AuthManager.php(66): Illuminate\\Auth\\AuthManager->resolve('web')
#29 C:\\xampp\\xamppdld\\htdocs\\IAP-School-Management-\\vendor\\laravel\\framework\\src\\Illuminate\\Support\\Facades\\Facade.php(338): Illuminate\\Auth\\AuthManager->guard('web')
#30 C:\\xampp\\xamppdld\\htdocs\\IAP-School-Management-\\vendor\\tcg\\voyager\\src\\VoyagerServiceProvider.php(100): Illuminate\\Support\\Facades\\Facade::__callStatic('guard', Array)
#31 C:\\xampp\\xamppdld\\htdocs\\IAP-School-Management-\\vendor\\laravel\\framework\\src\\Illuminate\\Container\\BoundMethod.php(36): TCG\\Voyager\\VoyagerServiceProvider->boot(Object(Illuminate\\Routing\\Router), Object(Illuminate\\Events\\Dispatcher))
#32 C:\\xampp\\xamppdld\\htdocs\\IAP-School-Management-\\vendor\\laravel\\framework\\src\\Illuminate\\Container\\Util.php(41): Illuminate\\Container\\BoundMethod::Illuminate\\Container\\{closure}()
#33 C:\\xampp\\xamppdld\\htdocs\\IAP-School-Management-\\vendor\\laravel\\framework\\src\\Illuminate\\Container\\BoundMethod.php(93): Illuminate\\Container\\Util::unwrapIfClosure(Object(Closure))
#34 C:\\xampp\\xamppdld\\htdocs\\IAP-School-Management-\\vendor\\laravel\\framework\\src\\Illuminate\\Container\\BoundMethod.php(37): Illuminate\\Container\\BoundMethod::callBoundMethod(Object(Illuminate\\Foundation\\Application), Array, Object(Closure))
#35 C:\\xampp\\xamppdld\\htdocs\\IAP-School-Management-\\vendor\\laravel\\framework\\src\\Illuminate\\Container\\Container.php(651): Illuminate\\Container\\BoundMethod::call(Object(Illuminate\\Foundation\\Application), Array, Array, NULL)
#36 C:\\xampp\\xamppdld\\htdocs\\IAP-School-Management-\\vendor\\laravel\\framework\\src\\Illuminate\\Foundation\\Application.php(933): Illuminate\\Container\\Container->call(Array)
#37 C:\\xampp\\xamppdld\\htdocs\\IAP-School-Management-\\vendor\\laravel\\framework\\src\\Illuminate\\Foundation\\Application.php(914): Illuminate\\Foundation\\Application->bootProvider(Object(TCG\\Voyager\\VoyagerServiceProvider))
#38 [internal function]: Illuminate\\Foundation\\Application->Illuminate\\Foundation\\{closure}(Object(TCG\\Voyager\\VoyagerServiceProvider), 30)
#39 C:\\xampp\\xamppdld\\htdocs\\IAP-School-Management-\\vendor\\laravel\\framework\\src\\Illuminate\\Foundation\\Application.php(915): array_walk(Array, Object(Closure))
#40 C:\\xampp\\xamppdld\\htdocs\\IAP-School-Management-\\vendor\\laravel\\framework\\src\\Illuminate\\Foundation\\Bootstrap\\BootProviders.php(17): Illuminate\\Foundation\\Application->boot()
#41 C:\\xampp\\xamppdld\\htdocs\\IAP-School-Management-\\vendor\\laravel\\framework\\src\\Illuminate\\Foundation\\Application.php(242): Illuminate\\Foundation\\Bootstrap\\BootProviders->bootstrap(Object(Illuminate\\Foundation\\Application))
#42 C:\\xampp\\xamppdld\\htdocs\\IAP-School-Management-\\vendor\\laravel\\framework\\src\\Illuminate\\Foundation\\Console\\Kernel.php(383): Illuminate\\Foundation\\Application->bootstrapWith(Array)
#43 C:\\xampp\\xamppdld\\htdocs\\IAP-School-Management-\\vendor\\laravel\\framework\\src\\Illuminate\\Foundation\\Console\\Kernel.php(153): Illuminate\\Foundation\\Console\\Kernel->bootstrap()
#44 C:\\xampp\\xamppdld\\htdocs\\IAP-School-Management-\\artisan(37): Illuminate\\Foundation\\Console\\Kernel->handle(Object(Symfony\\Component\\Console\\Input\\ArgvInput), Object(Symfony\\Component\\Console\\Output\\ConsoleOutput))
#45 {main}
"} 
